<?xml version="1.0" encoding="UTF-8"?>
<!-- Generated by org.testng.reporters.JUnitXMLReporter -->
<testsuite hostname="DESKTOP-VTBT3RG" ignored="0" name="Default test" tests="2" failures="0" timestamp="2023-11-10T09:22:41 IST" time="56.873" errors="0">
  <testcase name="SearchWithValidValues" time="38.003" classname="Testcases.MakeMyTripFlighSearch"/>
  <testcase name="SearchWithSameFromAndToLocation" time="7.633" classname="Testcases.MakeMyTripFlighSearch"/>
</testsuite> <!-- Default test -->
