<?xml version="1.0" encoding="UTF-8"?>
<!-- Generated by org.testng.reporters.JUnitXMLReporter -->
<testsuite hostname="DESKTOP-VTBT3RG" ignored="0" name="Default test" tests="4" failures="0" timestamp="2023-11-06T08:54:53 IST" time="0.039" errors="0">
  <testcase name="Testcase3" time="0.003" classname="TestNGBasics.TestGAnnotations"/>
  <testcase name="Testcase1" time="0.002" classname="TestNGBasics.TestGAnnotations"/>
  <testcase name="Testcase2" time="0.0" classname="TestNGBasics.TestGAnnotations"/>
  <testcase name="Testcase4" time="0.001" classname="TestNGBasics.TestGAnnotations"/>
</testsuite> <!-- Default test -->
