<?xml version="1.0" encoding="UTF-8"?>
<!-- Generated by org.testng.reporters.JUnitXMLReporter -->
<testsuite hostname="DESKTOP-VTBT3RG" ignored="0" name="Test" tests="5" failures="0" timestamp="2023-11-21T09:19:36 IST" time="63.777" errors="0">
  <testcase name="SearchWithValidValues" time="16.554" classname="Testcases.MakeMyTripFlighSearch"/>
  <testcase name="SearchWithValidValues" time="9.305" classname="Testcases.MakeMyTripFlighSearch"/>
  <testcase name="SearchWithValidValues" time="9.85" classname="Testcases.MakeMyTripFlighSearch"/>
  <testcase name="SearchWithSameFromAndToLocation" time="7.814" classname="Testcases.MakeMyTripFlighSearch"/>
  <testcase name="SearchWithSameFromAndToLocation" time="7.797" classname="Testcases.MakeMyTripFlighSearch"/>
</testsuite> <!-- Test -->
