<?xml version="1.0" encoding="UTF-8"?>
<!-- Generated by org.testng.reporters.JUnitXMLReporter -->
<testsuite hostname="DESKTOP-VTBT3RG" ignored="2" name="Test" tests="5" failures="0" timestamp="2023-11-06T09:22:38 IST" time="0.045" errors="0">
  <testcase name="Testcase3" time="0.007" classname="TestNGBasics.TestGAnnotations"/>
  <testcase name="Testcase1" time="0.001" classname="TestNGBasics.TestGAnnotations"/>
  <testcase name="Testcase2" time="0.0" classname="TestNGBasics.TestGAnnotations"/>
  <testcase name="Testcase1" time="0.001" classname="TestNGBasics.testNGAnnotation2"/>
  <testcase name="Testcase2" time="0.0" classname="TestNGBasics.testNGAnnotation2"/>
  <testcase name="Testcase4" time="0.0" classname="TestNGBasics.TestGAnnotations">
    <ignored/>
  </testcase> <!-- Testcase4 -->
  <testcase name="Testcase1" time="0.0" classname="TestNGBasics.TestNGAnnotation3">
    <ignored/>
  </testcase> <!-- Testcase1 -->
</testsuite> <!-- Test -->
