<?xml version="1.0" encoding="UTF-8"?>
<!-- Generated by org.testng.reporters.JUnitXMLReporter -->
<testsuite hostname="DESKTOP-VTBT3RG" ignored="0" name="Test" tests="5" failures="0" timestamp="2023-11-21T09:27:10 IST" time="64.589" errors="0">
  <testcase name="SearchWithValidValues" time="16.414" classname="Testcases.MakeMyTripFlighSearch"/>
  <testcase name="SearchWithValidValues" time="10.266" classname="Testcases.MakeMyTripFlighSearch"/>
  <testcase name="SearchWithValidValues" time="8.477" classname="Testcases.MakeMyTripFlighSearch"/>
  <testcase name="SearchWithSameFromAndToLocation" time="7.781" classname="Testcases.MakeMyTripFlighSearch"/>
  <testcase name="SearchWithSameFromAndToLocation" time="7.801" classname="Testcases.MakeMyTripFlighSearch"/>
</testsuite> <!-- Test -->
