<?xml version="1.0" encoding="UTF-8"?>
<testsuite xmlns:xsi="http://www.w3.org/2001/XMLSchema-instance" xsi:noNamespaceSchemaLocation="https://maven.apache.org/surefire/maven-surefire-plugin/xsd/surefire-test-report.xsd" name="TestSuite" time="68.663" tests="5" errors="0" skipped="0" failures="0">
  <properties>
[...]
</properties>
  <testcase name="SearchWithValidValues" classname="Testcases.MakeMyTripFlighSearch" time="16.416"/>
  <testcase name="SearchWithValidValues" classname="Testcases.MakeMyTripFlighSearch" time="10.266"/>
  <testcase name="SearchWithValidValues" classname="Testcases.MakeMyTripFlighSearch" time="8.477"/>
  <testcase name="SearchWithSameFromAndToLocation" classname="Testcases.MakeMyTripFlighSearch" time="7.78"/>
  <testcase name="SearchWithSameFromAndToLocation" classname="Testcases.MakeMyTripFlighSearch" time="7.801"/>
</testsuite>