<?xml version="1.0" encoding="UTF-8"?>
<testng-results skipped="0" failed="0" ignored="0" total="5" passed="5">
  <reporter-output>
  </reporter-output>
  <suite name="Suite" duration-ms="64589" started-at="2023-11-21T09:26:05 IST" finished-at="2023-11-21T09:27:10 IST">
    <groups>
    </groups>
    <test name="Test" duration-ms="64589" started-at="2023-11-21T09:26:05 IST" finished-at="2023-11-21T09:27:10 IST">
      <class name="Testcases.MakeMyTripFlighSearch">
        <test-method status="PASS" signature="LaunchTheBrowser()[pri:0, instance:Testcases.MakeMyTripFlighSearch@4232c52b]" name="LaunchTheBrowser" is-config="true" duration-ms="2609" started-at="2023-11-21T09:26:02 IST" finished-at="2023-11-21T09:26:05 IST">
          <reporter-output>
          </reporter-output>
        </test-method> <!-- LaunchTheBrowser -->
        <test-method status="PASS" signature="OpenTheApplication()[pri:0, instance:Testcases.MakeMyTripFlighSearch@4232c52b]" name="OpenTheApplication" is-config="true" duration-ms="5097" started-at="2023-11-21T09:26:05 IST" finished-at="2023-11-21T09:26:10 IST">
          <reporter-output>
          </reporter-output>
        </test-method> <!-- OpenTheApplication -->
        <test-method status="PASS" signature="deleteAdds()[pri:0, instance:Testcases.MakeMyTripFlighSearch@4232c52b]" name="deleteAdds" is-config="true" duration-ms="8496" started-at="2023-11-21T09:26:10 IST" finished-at="2023-11-21T09:26:19 IST">
          <reporter-output>
          </reporter-output>
        </test-method> <!-- deleteAdds -->
        <test-method status="PASS" signature="SearchWithValidValues(java.lang.String,java.lang.String,java.lang.String)[pri:0, instance:Testcases.MakeMyTripFlighSearch@4232c52b]" name="SearchWithValidValues" duration-ms="16414" started-at="2023-11-21T09:26:19 IST" data-provider="GetValidSearchTestData" finished-at="2023-11-21T09:26:35 IST">
          <params>
            <param index="0">
              <value>
                <![CDATA[MAA]]>
              </value>
            </param>
            <param index="1">
              <value>
                <![CDATA[BLR]]>
              </value>
            </param>
            <param index="2">
              <value>
                <![CDATA[25]]>
              </value>
            </param>
          </params>
          <reporter-output>
          </reporter-output>
        </test-method> <!-- SearchWithValidValues -->
        <test-method status="PASS" signature="ReportUpdate(org.testng.ITestResult)[pri:0, instance:Testcases.MakeMyTripFlighSearch@4232c52b]" name="ReportUpdate" is-config="true" duration-ms="1" started-at="2023-11-21T09:26:35 IST" finished-at="2023-11-21T09:26:35 IST">
          <params>
            <param index="0">
              <value>
                <![CDATA[[TestResult name=SearchWithValidValues status=SUCCESS method=MakeMyTripFlighSearch.SearchWithValidValues(java.lang.String,java.lang.String,java.lang.String)[pri:0, instance:Testcases.MakeMyTripFlighSearch@4232c52b] output={null}]]]>
              </value>
            </param>
          </params>
          <reporter-output>
          </reporter-output>
        </test-method> <!-- ReportUpdate -->
        <test-method status="PASS" signature="SearchWithValidValues(java.lang.String,java.lang.String,java.lang.String)[pri:0, instance:Testcases.MakeMyTripFlighSearch@4232c52b]" name="SearchWithValidValues" duration-ms="10266" started-at="2023-11-21T09:26:35 IST" data-provider="GetValidSearchTestData" finished-at="2023-11-21T09:26:46 IST">
          <params>
            <param index="0">
              <value>
                <![CDATA[BLR]]>
              </value>
            </param>
            <param index="1">
              <value>
                <![CDATA[MAA]]>
              </value>
            </param>
            <param index="2">
              <value>
                <![CDATA[27]]>
              </value>
            </param>
          </params>
          <reporter-output>
          </reporter-output>
        </test-method> <!-- SearchWithValidValues -->
        <test-method status="PASS" signature="ReportUpdate(org.testng.ITestResult)[pri:0, instance:Testcases.MakeMyTripFlighSearch@4232c52b]" name="ReportUpdate" is-config="true" duration-ms="0" started-at="2023-11-21T09:26:46 IST" finished-at="2023-11-21T09:26:46 IST">
          <params>
            <param index="0">
              <value>
                <![CDATA[[TestResult name=SearchWithValidValues status=SUCCESS method=MakeMyTripFlighSearch.SearchWithValidValues(java.lang.String,java.lang.String,java.lang.String)[pri:0, instance:Testcases.MakeMyTripFlighSearch@4232c52b] output={null}]]]>
              </value>
            </param>
          </params>
          <reporter-output>
          </reporter-output>
        </test-method> <!-- ReportUpdate -->
        <test-method status="PASS" signature="SearchWithValidValues(java.lang.String,java.lang.String,java.lang.String)[pri:0, instance:Testcases.MakeMyTripFlighSearch@4232c52b]" name="SearchWithValidValues" duration-ms="8477" started-at="2023-11-21T09:26:46 IST" data-provider="GetValidSearchTestData" finished-at="2023-11-21T09:26:54 IST">
          <params>
            <param index="0">
              <value>
                <![CDATA[MAA]]>
              </value>
            </param>
            <param index="1">
              <value>
                <![CDATA[PNQ]]>
              </value>
            </param>
            <param index="2">
              <value>
                <![CDATA[30]]>
              </value>
            </param>
          </params>
          <reporter-output>
          </reporter-output>
        </test-method> <!-- SearchWithValidValues -->
        <test-method status="PASS" signature="ReportUpdate(org.testng.ITestResult)[pri:0, instance:Testcases.MakeMyTripFlighSearch@4232c52b]" name="ReportUpdate" is-config="true" duration-ms="0" started-at="2023-11-21T09:26:54 IST" finished-at="2023-11-21T09:26:54 IST">
          <params>
            <param index="0">
              <value>
                <![CDATA[[TestResult name=SearchWithValidValues status=SUCCESS method=MakeMyTripFlighSearch.SearchWithValidValues(java.lang.String,java.lang.String,java.lang.String)[pri:0, instance:Testcases.MakeMyTripFlighSearch@4232c52b] output={null}]]]>
              </value>
            </param>
          </params>
          <reporter-output>
          </reporter-output>
        </test-method> <!-- ReportUpdate -->
        <test-method status="PASS" signature="SearchWithSameFromAndToLocation(java.lang.String,java.lang.String)[pri:1, instance:Testcases.MakeMyTripFlighSearch@4232c52b]" name="SearchWithSameFromAndToLocation" duration-ms="7781" started-at="2023-11-21T09:26:54 IST" data-provider="GetinValidSearchTestData" finished-at="2023-11-21T09:27:02 IST">
          <params>
            <param index="0">
              <value>
                <![CDATA[MAA]]>
              </value>
            </param>
            <param index="1">
              <value>
                <![CDATA[MAA]]>
              </value>
            </param>
          </params>
          <reporter-output>
          </reporter-output>
        </test-method> <!-- SearchWithSameFromAndToLocation -->
        <test-method status="PASS" signature="ReportUpdate(org.testng.ITestResult)[pri:0, instance:Testcases.MakeMyTripFlighSearch@4232c52b]" name="ReportUpdate" is-config="true" duration-ms="0" started-at="2023-11-21T09:27:02 IST" finished-at="2023-11-21T09:27:02 IST">
          <params>
            <param index="0">
              <value>
                <![CDATA[[TestResult name=SearchWithSameFromAndToLocation status=SUCCESS method=MakeMyTripFlighSearch.SearchWithSameFromAndToLocation(java.lang.String,java.lang.String)[pri:1, instance:Testcases.MakeMyTripFlighSearch@4232c52b] output={null}]]]>
              </value>
            </param>
          </params>
          <reporter-output>
          </reporter-output>
        </test-method> <!-- ReportUpdate -->
        <test-method status="PASS" signature="SearchWithSameFromAndToLocation(java.lang.String,java.lang.String)[pri:1, instance:Testcases.MakeMyTripFlighSearch@4232c52b]" name="SearchWithSameFromAndToLocation" duration-ms="7801" started-at="2023-11-21T09:27:02 IST" data-provider="GetinValidSearchTestData" finished-at="2023-11-21T09:27:10 IST">
          <params>
            <param index="0">
              <value>
                <![CDATA[BLR]]>
              </value>
            </param>
            <param index="1">
              <value>
                <![CDATA[BLR]]>
              </value>
            </param>
          </params>
          <reporter-output>
          </reporter-output>
        </test-method> <!-- SearchWithSameFromAndToLocation -->
        <test-method status="PASS" signature="ReportUpdate(org.testng.ITestResult)[pri:0, instance:Testcases.MakeMyTripFlighSearch@4232c52b]" name="ReportUpdate" is-config="true" duration-ms="0" started-at="2023-11-21T09:27:10 IST" finished-at="2023-11-21T09:27:10 IST">
          <params>
            <param index="0">
              <value>
                <![CDATA[[TestResult name=SearchWithSameFromAndToLocation status=SUCCESS method=MakeMyTripFlighSearch.SearchWithSameFromAndToLocation(java.lang.String,java.lang.String)[pri:1, instance:Testcases.MakeMyTripFlighSearch@4232c52b] output={null}]]]>
              </value>
            </param>
          </params>
          <reporter-output>
          </reporter-output>
        </test-method> <!-- ReportUpdate -->
        <test-method status="PASS" signature="CloseTheApplication()[pri:0, instance:Testcases.MakeMyTripFlighSearch@4232c52b]" name="CloseTheApplication" is-config="true" duration-ms="926" started-at="2023-11-21T09:27:10 IST" finished-at="2023-11-21T09:27:11 IST">
          <reporter-output>
          </reporter-output>
        </test-method> <!-- CloseTheApplication -->
      </class> <!-- Testcases.MakeMyTripFlighSearch -->
    </test> <!-- Test -->
  </suite> <!-- Suite -->
</testng-results>
