<?xml version="1.0" encoding="UTF-8"?>
<testng-results skipped="0" failed="0" ignored="0" total="5" passed="5">
  <reporter-output>
  </reporter-output>
  <suite name="Suite" duration-ms="63777" started-at="2023-11-21T09:18:32 IST" finished-at="2023-11-21T09:19:36 IST">
    <groups>
    </groups>
    <test name="Test" duration-ms="63777" started-at="2023-11-21T09:18:32 IST" finished-at="2023-11-21T09:19:36 IST">
      <class name="Testcases.MakeMyTripFlighSearch">
        <test-method status="PASS" signature="LaunchTheBrowser()[pri:0, instance:Testcases.MakeMyTripFlighSearch@43a0cee9]" name="LaunchTheBrowser" is-config="true" duration-ms="2677" started-at="2023-11-21T09:18:29 IST" finished-at="2023-11-21T09:18:32 IST">
          <reporter-output>
          </reporter-output>
        </test-method> <!-- LaunchTheBrowser -->
        <test-method status="PASS" signature="OpenTheApplication()[pri:0, instance:Testcases.MakeMyTripFlighSearch@43a0cee9]" name="OpenTheApplication" is-config="true" duration-ms="3709" started-at="2023-11-21T09:18:32 IST" finished-at="2023-11-21T09:18:36 IST">
          <reporter-output>
          </reporter-output>
        </test-method> <!-- OpenTheApplication -->
        <test-method status="PASS" signature="deleteAdds()[pri:0, instance:Testcases.MakeMyTripFlighSearch@43a0cee9]" name="deleteAdds" is-config="true" duration-ms="8510" started-at="2023-11-21T09:18:36 IST" finished-at="2023-11-21T09:18:44 IST">
          <reporter-output>
          </reporter-output>
        </test-method> <!-- deleteAdds -->
        <test-method status="PASS" signature="SearchWithValidValues(java.lang.String,java.lang.String,java.lang.String)[pri:0, instance:Testcases.MakeMyTripFlighSearch@43a0cee9]" name="SearchWithValidValues" duration-ms="16554" started-at="2023-11-21T09:18:44 IST" data-provider="GetValidSearchTestData" finished-at="2023-11-21T09:19:01 IST">
          <params>
            <param index="0">
              <value>
                <![CDATA[MAA]]>
              </value>
            </param>
            <param index="1">
              <value>
                <![CDATA[BLR]]>
              </value>
            </param>
            <param index="2">
              <value>
                <![CDATA[25]]>
              </value>
            </param>
          </params>
          <reporter-output>
          </reporter-output>
        </test-method> <!-- SearchWithValidValues -->
        <test-method status="PASS" signature="ReportUpdate(org.testng.ITestResult)[pri:0, instance:Testcases.MakeMyTripFlighSearch@43a0cee9]" name="ReportUpdate" is-config="true" duration-ms="1" started-at="2023-11-21T09:19:01 IST" finished-at="2023-11-21T09:19:01 IST">
          <params>
            <param index="0">
              <value>
                <![CDATA[[TestResult name=SearchWithValidValues status=SUCCESS method=MakeMyTripFlighSearch.SearchWithValidValues(java.lang.String,java.lang.String,java.lang.String)[pri:0, instance:Testcases.MakeMyTripFlighSearch@43a0cee9] output={null}]]]>
              </value>
            </param>
          </params>
          <reporter-output>
          </reporter-output>
        </test-method> <!-- ReportUpdate -->
        <test-method status="PASS" signature="SearchWithValidValues(java.lang.String,java.lang.String,java.lang.String)[pri:0, instance:Testcases.MakeMyTripFlighSearch@43a0cee9]" name="SearchWithValidValues" duration-ms="9305" started-at="2023-11-21T09:19:01 IST" data-provider="GetValidSearchTestData" finished-at="2023-11-21T09:19:10 IST">
          <params>
            <param index="0">
              <value>
                <![CDATA[BLR]]>
              </value>
            </param>
            <param index="1">
              <value>
                <![CDATA[MAA]]>
              </value>
            </param>
            <param index="2">
              <value>
                <![CDATA[27]]>
              </value>
            </param>
          </params>
          <reporter-output>
          </reporter-output>
        </test-method> <!-- SearchWithValidValues -->
        <test-method status="PASS" signature="ReportUpdate(org.testng.ITestResult)[pri:0, instance:Testcases.MakeMyTripFlighSearch@43a0cee9]" name="ReportUpdate" is-config="true" duration-ms="1" started-at="2023-11-21T09:19:10 IST" finished-at="2023-11-21T09:19:10 IST">
          <params>
            <param index="0">
              <value>
                <![CDATA[[TestResult name=SearchWithValidValues status=SUCCESS method=MakeMyTripFlighSearch.SearchWithValidValues(java.lang.String,java.lang.String,java.lang.String)[pri:0, instance:Testcases.MakeMyTripFlighSearch@43a0cee9] output={null}]]]>
              </value>
            </param>
          </params>
          <reporter-output>
          </reporter-output>
        </test-method> <!-- ReportUpdate -->
        <test-method status="PASS" signature="SearchWithValidValues(java.lang.String,java.lang.String,java.lang.String)[pri:0, instance:Testcases.MakeMyTripFlighSearch@43a0cee9]" name="SearchWithValidValues" duration-ms="9850" started-at="2023-11-21T09:19:10 IST" data-provider="GetValidSearchTestData" finished-at="2023-11-21T09:19:20 IST">
          <params>
            <param index="0">
              <value>
                <![CDATA[MAA]]>
              </value>
            </param>
            <param index="1">
              <value>
                <![CDATA[PNQ]]>
              </value>
            </param>
            <param index="2">
              <value>
                <![CDATA[30]]>
              </value>
            </param>
          </params>
          <reporter-output>
          </reporter-output>
        </test-method> <!-- SearchWithValidValues -->
        <test-method status="PASS" signature="ReportUpdate(org.testng.ITestResult)[pri:0, instance:Testcases.MakeMyTripFlighSearch@43a0cee9]" name="ReportUpdate" is-config="true" duration-ms="0" started-at="2023-11-21T09:19:20 IST" finished-at="2023-11-21T09:19:20 IST">
          <params>
            <param index="0">
              <value>
                <![CDATA[[TestResult name=SearchWithValidValues status=SUCCESS method=MakeMyTripFlighSearch.SearchWithValidValues(java.lang.String,java.lang.String,java.lang.String)[pri:0, instance:Testcases.MakeMyTripFlighSearch@43a0cee9] output={null}]]]>
              </value>
            </param>
          </params>
          <reporter-output>
          </reporter-output>
        </test-method> <!-- ReportUpdate -->
        <test-method status="PASS" signature="SearchWithSameFromAndToLocation(java.lang.String,java.lang.String)[pri:1, instance:Testcases.MakeMyTripFlighSearch@43a0cee9]" name="SearchWithSameFromAndToLocation" duration-ms="7814" started-at="2023-11-21T09:19:20 IST" data-provider="GetinValidSearchTestData" finished-at="2023-11-21T09:19:28 IST">
          <params>
            <param index="0">
              <value>
                <![CDATA[MAA]]>
              </value>
            </param>
            <param index="1">
              <value>
                <![CDATA[MAA]]>
              </value>
            </param>
          </params>
          <reporter-output>
          </reporter-output>
        </test-method> <!-- SearchWithSameFromAndToLocation -->
        <test-method status="PASS" signature="SearchWithSameFromAndToLocation(java.lang.String,java.lang.String)[pri:1, instance:Testcases.MakeMyTripFlighSearch@43a0cee9]" name="SearchWithSameFromAndToLocation" duration-ms="7797" started-at="2023-11-21T09:19:28 IST" data-provider="GetinValidSearchTestData" finished-at="2023-11-21T09:19:36 IST">
          <params>
            <param index="0">
              <value>
                <![CDATA[BLR]]>
              </value>
            </param>
            <param index="1">
              <value>
                <![CDATA[BLR]]>
              </value>
            </param>
          </params>
          <reporter-output>
          </reporter-output>
        </test-method> <!-- SearchWithSameFromAndToLocation -->
        <test-method status="PASS" signature="ReportUpdate(org.testng.ITestResult)[pri:0, instance:Testcases.MakeMyTripFlighSearch@43a0cee9]" name="ReportUpdate" is-config="true" duration-ms="0" started-at="2023-11-21T09:19:28 IST" finished-at="2023-11-21T09:19:28 IST">
          <params>
            <param index="0">
              <value>
                <![CDATA[[TestResult name=SearchWithSameFromAndToLocation status=SUCCESS method=MakeMyTripFlighSearch.SearchWithSameFromAndToLocation(java.lang.String,java.lang.String)[pri:1, instance:Testcases.MakeMyTripFlighSearch@43a0cee9] output={null}]]]>
              </value>
            </param>
          </params>
          <reporter-output>
          </reporter-output>
        </test-method> <!-- ReportUpdate -->
        <test-method status="PASS" signature="ReportUpdate(org.testng.ITestResult)[pri:0, instance:Testcases.MakeMyTripFlighSearch@43a0cee9]" name="ReportUpdate" is-config="true" duration-ms="1" started-at="2023-11-21T09:19:36 IST" finished-at="2023-11-21T09:19:36 IST">
          <params>
            <param index="0">
              <value>
                <![CDATA[[TestResult name=SearchWithSameFromAndToLocation status=SUCCESS method=MakeMyTripFlighSearch.SearchWithSameFromAndToLocation(java.lang.String,java.lang.String)[pri:1, instance:Testcases.MakeMyTripFlighSearch@43a0cee9] output={null}]]]>
              </value>
            </param>
          </params>
          <reporter-output>
          </reporter-output>
        </test-method> <!-- ReportUpdate -->
        <test-method status="PASS" signature="CloseTheApplication()[pri:0, instance:Testcases.MakeMyTripFlighSearch@43a0cee9]" name="CloseTheApplication" is-config="true" duration-ms="925" started-at="2023-11-21T09:19:36 IST" finished-at="2023-11-21T09:19:37 IST">
          <reporter-output>
          </reporter-output>
        </test-method> <!-- CloseTheApplication -->
      </class> <!-- Testcases.MakeMyTripFlighSearch -->
    </test> <!-- Test -->
  </suite> <!-- Suite -->
</testng-results>
